# JRE version: Java(TM) SE Runtime Environment (8.0_73-b02) (build 1.8.0_73-b02)
# Java VM: Java HotSpot(TM) 64-Bit Server VM (25.73-b02 mixed mode bsd-amd64 compressed oops)
Heap:
 PSYoungGen      total 58880K, used 15121K [0x000000076ab00000, 0x000000076f600000, 0x00000007c0000000)
  eden space 46080K, 5% used [0x000000076ab00000,0x000000076ad81d10,0x000000076d800000)
  from space 12800K, 98% used [0x000000076d880000,0x000000076e4c2748,0x000000076e500000)
  to   space 15360K, 0% used [0x000000076e700000,0x000000076e700000,0x000000076f600000)
 ParOldGen       total 175104K, used 23301K [0x00000006c0000000, 0x00000006cab00000, 0x000000076ab00000)
  object space 175104K, 13% used [0x00000006c0000000,0x00000006c16c16f0,0x00000006cab00000)
 Metaspace       used 20766K, capacity 21016K, committed 21248K, reserved 1069056K
  class space    used 2458K, capacity 2552K, committed 2560K, reserved 1048576K
GC Heap History (10 events):
Event: 141.237 GC heap before
{Heap before GC invocations=19 (full 0):
 PSYoungGen      total 62976K, used 50112K [0x000000076ab00000, 0x000000076f980000, 0x00000007c0000000)
  eden space 49664K, 100% used [0x000000076ab00000,0x000000076db80000,0x000000076db80000)
  from space 13312K, 3% used [0x000000076ec80000,0x000000076ecf0000,0x000000076f980000)
  to   space 15360K, 0% used [0x000000076db80000,0x000000076db80000,0x000000076ea80000)
 ParOldGen       total 175104K, used 17839K [0x00000006c0000000, 0x00000006cab00000, 0x000000076ab00000)
  object space 175104K, 10% used [0x00000006c0000000,0x00000006c116bf00,0x00000006cab00000)
 Metaspace       used 20548K, capacity 20824K, committed 20992K, reserved 1067008K
  class space    used 2454K, capacity 2552K, committed 2560K, reserved 1048576K
Event: 141.238 GC heap after
Heap after GC invocations=19 (full 0):
 PSYoungGen      total 49152K, used 320K [0x000000076ab00000, 0x000000076f780000, 0x00000007c0000000)
  eden space 48640K, 0% used [0x000000076ab00000,0x000000076ab00000,0x000000076da80000)
  from space 512K, 62% used [0x000000076db80000,0x000000076dbd0000,0x000000076dc00000)
  to   space 14848K, 0% used [0x000000076e900000,0x000000076e900000,0x000000076f780000)
 ParOldGen       total 175104K, used 17899K [0x00000006c0000000, 0x00000006cab00000, 0x000000076ab00000)
  object space 175104K, 10% used [0x00000006c0000000,0x00000006c117af90,0x00000006cab00000)
 Metaspace       used 20548K, capacity 20824K, committed 20992K, reserved 1067008K
  class space    used 2454K, capacity 2552K, committed 2560K, reserved 1048576K
}
Event: 158.083 GC heap before
{Heap before GC invocations=20 (full 0):
 PSYoungGen      total 49152K, used 48960K [0x000000076ab00000, 0x000000076f780000, 0x00000007c0000000)
  eden space 48640K, 100% used [0x000000076ab00000,0x000000076da80000,0x000000076da80000)
  from space 512K, 62% used [0x000000076db80000,0x000000076dbd0000,0x000000076dc00000)
  to   space 14848K, 0% used [0x000000076e900000,0x000000076e900000,0x000000076f780000)
 ParOldGen       total 175104K, used 17899K [0x00000006c0000000, 0x00000006cab00000, 0x000000076ab00000)
  object space 175104K, 10% used [0x00000006c0000000,0x00000006c117af90,0x00000006cab00000)
 Metaspace       used 20610K, capacity 20824K, committed 20992K, reserved 1067008K
  class space    used 2454K, capacity 2552K, committed 2560K, reserved 1048576K
Event: 158.084 GC heap after
Heap after GC invocations=20 (full 0):
 PSYoungGen      total 60416K, used 725K [0x000000076ab00000, 0x000000076f580000, 0x00000007c0000000)
  eden space 47616K, 0% used [0x000000076ab00000,0x000000076ab00000,0x000000076d980000)
  from space 12800K, 5% used [0x000000076e900000,0x000000076e9b5630,0x000000076f580000)
  to   space 14336K, 0% used [0x000000076d980000,0x000000076d980000,0x000000076e780000)
 ParOldGen       total 175104K, used 17923K [0x00000006c0000000, 0x00000006cab00000, 0x000000076ab00000)
  object space 175104K, 10% used [0x00000006c0000000,0x00000006c1180f90,0x00000006cab00000)
 Metaspace       used 20610K, capacity 20824K, committed 20992K, reserved 1067008K
  class space    used 2454K, capacity 2552K, committed 2560K, reserved 1048576K
}
Event: 168.207 GC heap before
{Heap before GC invocations=21 (full 0):
 PSYoungGen      total 60416K, used 48341K [0x000000076ab00000, 0x000000076f580000, 0x00000007c0000000)
  eden space 47616K, 100% used [0x000000076ab00000,0x000000076d980000,0x000000076d980000)
  from space 12800K, 5% used [0x000000076e900000,0x000000076e9b5630,0x000000076f580000)
  to   space 14336K, 0% used [0x000000076d980000,0x000000076d980000,0x000000076e780000)
 ParOldGen       total 175104K, used 17923K [0x00000006c0000000, 0x00000006cab00000, 0x000000076ab00000)
  object space 175104K, 10% used [0x00000006c0000000,0x00000006c1180f90,0x00000006cab00000)
 Metaspace       used 20623K, capacity 20888K, committed 21248K, reserved 1069056K
  class space    used 2454K, capacity 2552K, committed 2560K, reserved 1048576K
Event: 168.208 GC heap after
Heap after GC invocations=21 (full 0):
 PSYoungGen      total 48128K, used 531K [0x000000076ab00000, 0x000000076f300000, 0x00000007c0000000)
  eden space 47104K, 0% used [0x000000076ab00000,0x000000076ab00000,0x000000076d900000)
  from space 1024K, 51% used [0x000000076d980000,0x000000076da04d90,0x000000076da80000)
  to   space 13312K, 0% used [0x000000076e600000,0x000000076e600000,0x000000076f300000)
 ParOldGen       total 175104K, used 18405K [0x00000006c0000000, 0x00000006cab00000, 0x000000076ab00000)
  object space 175104K, 10% used [0x00000006c0000000,0x00000006c11f9770,0x00000006cab00000)
 Metaspace       used 20623K, capacity 20888K, committed 21248K, reserved 1069056K
  class space    used 2454K, capacity 2552K, committed 2560K, reserved 1048576K
}
Event: 209.887 GC heap before
{Heap before GC invocations=22 (full 0):
 PSYoungGen      total 48128K, used 47635K [0x000000076ab00000, 0x000000076f300000, 0x00000007c0000000)
  eden space 47104K, 100% used [0x000000076ab00000,0x000000076d900000,0x000000076d900000)
  from space 1024K, 51% used [0x000000076d980000,0x000000076da04d90,0x000000076da80000)
  to   space 13312K, 0% used [0x000000076e600000,0x000000076e600000,0x000000076f300000)
 ParOldGen       total 175104K, used 18405K [0x00000006c0000000, 0x00000006cab00000, 0x000000076ab00000)
  object space 175104K, 10% used [0x00000006c0000000,0x00000006c11f9770,0x00000006cab00000)
 Metaspace       used 20648K, capacity 20952K, committed 21248K, reserved 1069056K
  class space    used 2454K, capacity 2552K, committed 2560K, reserved 1048576K
Event: 209.889 GC heap after
Heap after GC invocations=22 (full 0):
 PSYoungGen      total 58368K, used 1619K [0x000000076ab00000, 0x000000076f180000, 0x00000007c0000000)
  eden space 46592K, 0% used [0x000000076ab00000,0x000000076ab00000,0x000000076d880000)
  from space 11776K, 13% used [0x000000076e600000,0x000000076e794fe0,0x000000076f180000)
  to   space 12800K, 0% used [0x000000076d880000,0x000000076d880000,0x000000076e500000)
 ParOldGen       total 175104K, used 18617K [0x00000006c0000000, 0x00000006cab00000, 0x000000076ab00000)
  object space 175104K, 10% used [0x00000006c0000000,0x00000006c122e500,0x00000006cab00000)
 Metaspace       used 20648K, capacity 20952K, committed 21248K, reserved 1069056K
  class space    used 2454K, capacity 2552K, committed 2560K, reserved 1048576K
}
Event: 136698.190 GC heap before
{Heap before GC invocations=23 (full 0):
 PSYoungGen      total 58368K, used 47672K [0x000000076ab00000, 0x000000076f180000, 0x00000007c0000000)
  eden space 46592K, 98% used [0x000000076ab00000,0x000000076d7f9100,0x000000076d880000)
  from space 11776K, 13% used [0x000000076e600000,0x000000076e794fe0,0x000000076f180000)
  to   space 12800K, 0% used [0x000000076d880000,0x000000076d880000,0x000000076e500000)
 ParOldGen       total 175104K, used 18617K [0x00000006c0000000, 0x00000006cab00000, 0x000000076ab00000)
  object space 175104K, 10% used [0x00000006c0000000,0x00000006c122e500,0x00000006cab00000)
 Metaspace       used 20766K, capacity 21016K, committed 21248K, reserved 1069056K
  class space    used 2458K, capacity 2552K, committed 2560K, reserved 1048576K
Event: 136698.959 GC heap after
Heap after GC invocations=23 (full 0):
 PSYoungGen      total 58880K, used 12553K [0x000000076ab00000, 0x000000076f600000, 0x00000007c0000000)
  eden space 46080K, 0% used [0x000000076ab00000,0x000000076ab00000,0x000000076d800000)
  from space 12800K, 98% used [0x000000076d880000,0x000000076e4c2748,0x000000076e500000)
  to   space 15360K, 0% used [0x000000076e700000,0x000000076e700000,0x000000076f600000)
 ParOldGen       total 175104K, used 23301K [0x00000006c0000000, 0x00000006cab00000, 0x000000076ab00000)
  object space 175104K, 13% used [0x00000006c0000000,0x00000006c16c16f0,0x00000006cab00000)
 Metaspace       used 20766K, capacity 21016K, committed 21248K, reserved 1069056K
  class space    used 2458K, capacity 2552K, committed 2560K, reserved 1048576K
}

